Apache Maven 3.9.6 (bc0240f3c744dd6b6ec2920b3cd08dcc295161ae)
Maven home: C:\Users\hp\.m2\wrapper\dists\apache-maven-3.9.6-bin\439sdfsg2nbdob9ciift5h5nse\apache-maven-3.9.6
Java version: 23.0.2, vendor: Oracle Corporation, runtime: C:\Program Files\Java\jdk-23
Default locale: en_US, platform encoding: UTF-8
OS name: "windows 11", version: "10.0", arch: "amd64", family: "windows"
[DEBUG] Created new class realm maven.api
[DEBUG] Importing foreign packages into class realm maven.api
[DEBUG]   Imported: javax.annotation.* < plexus.core
[DEBUG]   Imported: javax.annotation.security.* < plexus.core
[DEBUG]   Imported: javax.inject.* < plexus.core
[DEBUG]   Imported: org.apache.maven.* < plexus.core
[DEBUG]   Imported: org.apache.maven.artifact < plexus.core
[DEBUG]   Imported: org.apache.maven.classrealm < plexus.core
[DEBUG]   Imported: org.apache.maven.cli < plexus.core
[DEBUG]   Imported: org.apache.maven.configuration < plexus.core
[DEBUG]   Imported: org.apache.maven.exception < plexus.core
[DEBUG]   Imported: org.apache.maven.execution < plexus.core
[DEBUG]   Imported: org.apache.maven.execution.scope < plexus.core
[DEBUG]   Imported: org.apache.maven.graph < plexus.core
[DEBUG]   Imported: org.apache.maven.lifecycle < plexus.core
[DEBUG]   Imported: org.apache.maven.model < plexus.core
[DEBUG]   Imported: org.apache.maven.monitor < plexus.core
[DEBUG]   Imported: org.apache.maven.plugin < plexus.core
[DEBUG]   Imported: org.apache.maven.profiles < plexus.core
[DEBUG]   Imported: org.apache.maven.project < plexus.core
[DEBUG]   Imported: org.apache.maven.reporting < plexus.core
[DEBUG]   Imported: org.apache.maven.repository < plexus.core
[DEBUG]   Imported: org.apache.maven.rtinfo < plexus.core
[DEBUG]   Imported: org.apache.maven.settings < plexus.core
[DEBUG]   Imported: org.apache.maven.toolchain < plexus.core
[DEBUG]   Imported: org.apache.maven.usability < plexus.core
[DEBUG]   Imported: org.apache.maven.wagon.* < plexus.core
[DEBUG]   Imported: org.apache.maven.wagon.authentication < plexus.core
[DEBUG]   Imported: org.apache.maven.wagon.authorization < plexus.core
[DEBUG]   Imported: org.apache.maven.wagon.events < plexus.core
[DEBUG]   Imported: org.apache.maven.wagon.observers < plexus.core
[DEBUG]   Imported: org.apache.maven.wagon.proxy < plexus.core
[DEBUG]   Imported: org.apache.maven.wagon.repository < plexus.core
[DEBUG]   Imported: org.apache.maven.wagon.resource < plexus.core
[DEBUG]   Imported: org.codehaus.classworlds < plexus.core
[DEBUG]   Imported: org.codehaus.plexus.* < plexus.core
[DEBUG]   Imported: org.codehaus.plexus.classworlds < plexus.core
[DEBUG]   Imported: org.codehaus.plexus.component < plexus.core
[DEBUG]   Imported: org.codehaus.plexus.configuration < plexus.core
[DEBUG]   Imported: org.codehaus.plexus.container < plexus.core
[DEBUG]   Imported: org.codehaus.plexus.context < plexus.core
[DEBUG]   Imported: org.codehaus.plexus.lifecycle < plexus.core
[DEBUG]   Imported: org.codehaus.plexus.logging < plexus.core
[DEBUG]   Imported: org.codehaus.plexus.personality < plexus.core
[DEBUG]   Imported: org.codehaus.plexus.util.xml.Xpp3Dom < plexus.core
[DEBUG]   Imported: org.codehaus.plexus.util.xml.pull.XmlPullParser < plexus.core
[DEBUG]   Imported: org.codehaus.plexus.util.xml.pull.XmlPullParserException < plexus.core
[DEBUG]   Imported: org.codehaus.plexus.util.xml.pull.XmlSerializer < plexus.core
[DEBUG]   Imported: org.eclipse.aether.* < plexus.core
[DEBUG]   Imported: org.eclipse.aether.artifact < plexus.core
[DEBUG]   Imported: org.eclipse.aether.collection < plexus.core
[DEBUG]   Imported: org.eclipse.aether.deployment < plexus.core
[DEBUG]   Imported: org.eclipse.aether.graph < plexus.core
[DEBUG]   Imported: org.eclipse.aether.impl < plexus.core
[DEBUG]   Imported: org.eclipse.aether.installation < plexus.core
[DEBUG]   Imported: org.eclipse.aether.internal.impl < plexus.core
[DEBUG]   Imported: org.eclipse.aether.metadata < plexus.core
[DEBUG]   Imported: org.eclipse.aether.repository < plexus.core
[DEBUG]   Imported: org.eclipse.aether.resolution < plexus.core
[DEBUG]   Imported: org.eclipse.aether.spi < plexus.core
[DEBUG]   Imported: org.eclipse.aether.transfer < plexus.core
[DEBUG]   Imported: org.eclipse.aether.util < plexus.core
[DEBUG]   Imported: org.eclipse.aether.version < plexus.core
[DEBUG]   Imported: org.fusesource.jansi.* < plexus.core
[DEBUG]   Imported: org.slf4j.* < plexus.core
[DEBUG]   Imported: org.slf4j.event.* < plexus.core
[DEBUG]   Imported: org.slf4j.helpers.* < plexus.core
[DEBUG]   Imported: org.slf4j.spi.* < plexus.core
[DEBUG] Populating class realm maven.api
[DEBUG] Created adapter factory; available factories [file-lock, rwlock-local, semaphore-local, noop]; available name mappers [discriminating, file-gav, file-hgav, file-static, gav, static]
[INFO] Error stacktraces are turned on.
[DEBUG] Message scheme: color
[DEBUG] Message styles: debug info warning error success failure strong mojo project
[DEBUG] Reading global settings from C:\Users\hp\.m2\wrapper\dists\apache-maven-3.9.6-bin\439sdfsg2nbdob9ciift5h5nse\apache-maven-3.9.6\conf\settings.xml
[DEBUG] Reading user settings from C:\Users\hp\.m2\settings.xml
[DEBUG] Reading global toolchains from C:\Users\hp\.m2\wrapper\dists\apache-maven-3.9.6-bin\439sdfsg2nbdob9ciift5h5nse\apache-maven-3.9.6\conf\toolchains.xml
[DEBUG] Reading user toolchains from C:\Users\hp\.m2\toolchains.xml
[DEBUG] Using local repository at C:\Users\hp\.m2\repository
[DEBUG] Using manager EnhancedLocalRepositoryManager with priority 10.0 for C:\Users\hp\.m2\repository
[INFO] Scanning for projects...
[DEBUG] Extension realms for project com.mediconnect:MediConnect:war:1.0-SNAPSHOT: (none)
[DEBUG] Looking up lifecycle mappings for packaging war from ClassRealm[plexus.core, parent: null]
[DEBUG] Creating adapter using nameMapper 'gav' and factory 'rwlock-local'
[DEBUG] Using mirror maven-default-http-blocker (http://0.0.0.0/) for ossrh-snapshots (http://oss.sonatype.org/content/repositories/snapshots).
[DEBUG] === REACTOR BUILD PLAN ================================================
[DEBUG] Project: com.mediconnect:MediConnect:war:1.0-SNAPSHOT
[DEBUG] Tasks:   [org.codehaus.mojo:exec-maven-plugin:1.6.0:java]
[DEBUG] Style:   Regular
[DEBUG] =======================================================================
[INFO] 
[INFO] --------------------< com.mediconnect:MediConnect >---------------------
[INFO] Building MediConnect 1.0-SNAPSHOT
[INFO]   from pom.xml
[INFO] --------------------------------[ war ]---------------------------------
[DEBUG] Lifecycle clean -> [pre-clean, clean, post-clean]
[DEBUG] Lifecycle default -> [validate, initialize, generate-sources, process-sources, generate-resources, process-resources, compile, process-classes, generate-test-sources, process-test-sources, generate-test-resources, process-test-resources, test-compile, process-test-classes, test, prepare-package, package, pre-integration-test, integration-test, post-integration-test, verify, install, deploy]
[DEBUG] Lifecycle site -> [pre-site, site, post-site, site-deploy]
[DEBUG] === PROJECT BUILD PLAN ================================================
[DEBUG] Project:       com.mediconnect:MediConnect:1.0-SNAPSHOT
[DEBUG] Dependencies (collect): []
[DEBUG] Dependencies (resolve): [test]
[DEBUG] Repositories (dependencies): [central (https://repo.maven.apache.org/maven2, default, releases)]
[DEBUG] Repositories (plugins)     : [central (https://repo.maven.apache.org/maven2, default, releases)]
[DEBUG] -----------------------------------------------------------------------
[DEBUG] Goal:          org.codehaus.mojo:exec-maven-plugin:1.6.0:java (default-cli)
[DEBUG] Style:         Regular
[DEBUG] Configuration: <?xml version="1.0" encoding="UTF-8"?>
<configuration>
  <addOutputToClasspath default-value="true">${addOutputToClasspath}</addOutputToClasspath>
  <addResourcesToClasspath default-value="false">${addResourcesToClasspath}</addResourcesToClasspath>
  <arguments>${exec.arguments}</arguments>
  <classpathScope default-value="runtime">${exec.classpathScope}</classpathScope>
  <cleanupDaemonThreads default-value="true">${exec.cleanupDaemonThreads}</cleanupDaemonThreads>
  <commandlineArgs>${exec.args}</commandlineArgs>
  <daemonThreadJoinTimeout default-value="15000">${exec.daemonThreadJoinTimeout}</daemonThreadJoinTimeout>
  <includePluginDependencies default-value="false">${exec.includePluginsDependencies}</includePluginDependencies>
  <includeProjectDependencies default-value="true">${exec.includeProjectDependencies}</includeProjectDependencies>
  <keepAlive default-value="false">${exec.keepAlive}</keepAlive>
  <killAfter default-value="-1">${exec.killAfter}</killAfter>
  <localRepository default-value="${localRepository}"/>
  <mainClass>${exec.mainClass}</mainClass>
  <pluginDependencies default-value="${plugin.artifacts}"/>
  <project default-value="${project}"/>
  <remoteRepositories default-value="${project.remoteArtifactRepositories}"/>
  <skip default-value="false">${exec.skip}</skip>
  <sourceRoot>${sourceRoot}</sourceRoot>
  <stopUnresponsiveDaemonThreads default-value="false">${exec.stopUnresponsiveDaemonThreads}</stopUnresponsiveDaemonThreads>
  <testSourceRoot>${testSourceRoot}</testSourceRoot>
</configuration>
[DEBUG] =======================================================================
[DEBUG] Dependency collection stats {ConflictMarker.analyzeTime=2947000, ConflictMarker.markTime=703200, ConflictMarker.nodeCount=68, ConflictIdSorter.graphTime=1154700, ConflictIdSorter.topsortTime=1047400, ConflictIdSorter.conflictIdCount=53, ConflictIdSorter.conflictIdCycleCount=0, ConflictResolver.totalTime=21790100, ConflictResolver.conflictItemCount=67, DfDependencyCollector.collectTime=435955800, DfDependencyCollector.transformTime=34562500}
[DEBUG] com.mediconnect:MediConnect:war:1.0-SNAPSHOT
[DEBUG]    jakarta.platform:jakarta.jakartaee-api:jar:10.0.0:provided
[DEBUG]       jakarta.platform:jakarta.jakartaee-web-api:jar:10.0.0:provided
[DEBUG]          jakarta.servlet:jakarta.servlet-api:jar:6.0.0:provided
[DEBUG]          jakarta.servlet.jsp:jakarta.servlet.jsp-api:jar:3.1.0:provided
[DEBUG]          jakarta.el:jakarta.el-api:jar:5.0.1:provided
[DEBUG]          jakarta.servlet.jsp.jstl:jakarta.servlet.jsp.jstl-api:jar:3.0.0:provided
[DEBUG]          jakarta.faces:jakarta.faces-api:jar:4.0.1:provided
[DEBUG]          jakarta.ws.rs:jakarta.ws.rs-api:jar:3.1.0:provided
[DEBUG]          jakarta.websocket:jakarta.websocket-api:jar:2.1.0:provided
[DEBUG]          jakarta.websocket:jakarta.websocket-client-api:jar:2.1.0:provided
[DEBUG]          jakarta.json:jakarta.json-api:jar:2.1.0:provided
[DEBUG]          jakarta.json.bind:jakarta.json.bind-api:jar:3.0.0:provided
[DEBUG]          jakarta.ejb:jakarta.ejb-api:jar:4.0.1:provided
[DEBUG]          jakarta.validation:jakarta.validation-api:jar:3.0.2:provided
[DEBUG]          jakarta.interceptor:jakarta.interceptor-api:jar:2.1.0:provided
[DEBUG]          jakarta.enterprise:jakarta.enterprise.cdi-api:jar:4.0.1:provided
[DEBUG]          jakarta.enterprise:jakarta.enterprise.lang-model:jar:4.0.1:provided
[DEBUG]          jakarta.authentication:jakarta.authentication-api:jar:3.0.0:provided
[DEBUG]          jakarta.security.enterprise:jakarta.security.enterprise-api:jar:3.0.0:provided
[DEBUG]       jakarta.jms:jakarta.jms-api:jar:3.1.0:provided
[DEBUG]       jakarta.activation:jakarta.activation-api:jar:2.1.0:runtime
[DEBUG]       jakarta.mail:jakarta.mail-api:jar:2.1.0:provided
[DEBUG]       jakarta.resource:jakarta.resource-api:jar:2.1.0:provided
[DEBUG]       jakarta.authorization:jakarta.authorization-api:jar:2.1.0:provided
[DEBUG]       jakarta.batch:jakarta.batch-api:jar:2.1.1:provided
[DEBUG]    org.glassfish:jakarta.faces:jar:4.0.7:provided
[DEBUG]       jakarta.annotation:jakarta.annotation-api:jar:2.1.0:provided
[DEBUG]    org.primefaces:primefaces:jar:jakarta:14.0.0:compile
[DEBUG]    org.hibernate.orm:hibernate-core:jar:6.4.4.Final:compile
[DEBUG]       jakarta.persistence:jakarta.persistence-api:jar:3.1.0:compile
[DEBUG]       jakarta.transaction:jakarta.transaction-api:jar:2.0.1:compile
[DEBUG]       org.jboss.logging:jboss-logging:jar:3.5.0.Final:runtime
[DEBUG]       org.hibernate.common:hibernate-commons-annotations:jar:6.0.6.Final:runtime
[DEBUG]       io.smallrye:jandex:jar:3.1.2:runtime
[DEBUG]       com.fasterxml:classmate:jar:1.5.1:runtime
[DEBUG]       net.bytebuddy:byte-buddy:jar:1.14.11:runtime
[DEBUG]       jakarta.xml.bind:jakarta.xml.bind-api:jar:4.0.0:runtime
[DEBUG]       org.glassfish.jaxb:jaxb-runtime:jar:4.0.2:runtime
[DEBUG]          org.glassfish.jaxb:jaxb-core:jar:4.0.2:runtime
[DEBUG]             org.eclipse.angus:angus-activation:jar:2.0.0:runtime
[DEBUG]             org.glassfish.jaxb:txw2:jar:4.0.2:runtime
[DEBUG]             com.sun.istack:istack-commons-runtime:jar:4.1.1:runtime
[DEBUG]       jakarta.inject:jakarta.inject-api:jar:2.0.1:runtime
[DEBUG]       org.antlr:antlr4-runtime:jar:4.13.0:runtime
[DEBUG]    org.postgresql:postgresql:jar:42.7.3:compile
[DEBUG]       org.checkerframework:checker-qual:jar:3.42.0:runtime
[DEBUG]    org.mindrot:jbcrypt:jar:0.4:compile
[DEBUG]    org.junit.jupiter:junit-jupiter-api:jar:5.11.0:test
[DEBUG]       org.opentest4j:opentest4j:jar:1.3.0:test
[DEBUG]       org.junit.platform:junit-platform-commons:jar:1.11.0:test
[DEBUG]       org.apiguardian:apiguardian-api:jar:1.1.2:test
[DEBUG]    org.junit.jupiter:junit-jupiter-engine:jar:5.11.0:test
[DEBUG]       org.junit.platform:junit-platform-engine:jar:1.11.0:test
[INFO] 
[INFO] --- exec:1.6.0:java (default-cli) @ MediConnect ---
[DEBUG] Using mirror maven-default-http-blocker (http://0.0.0.0/) for apache.snapshots (http://repository.apache.org/snapshots).
[DEBUG] Using mirror maven-default-http-blocker (http://0.0.0.0/) for snapshots (http://snapshots.maven.codehaus.org/maven2).
[DEBUG] Using mirror maven-default-http-blocker (http://0.0.0.0/) for central (http://repo1.maven.org/maven2).
[DEBUG] Using mirror maven-default-http-blocker (http://0.0.0.0/) for codehaus.snapshots (http://snapshots.repository.codehaus.org).
[DEBUG] Using mirror maven-default-http-blocker (http://0.0.0.0/) for apache.snapshots (http://people.apache.org/repo/m2-snapshot-repository).
[DEBUG] Dependency collection stats {ConflictMarker.analyzeTime=608500, ConflictMarker.markTime=380900, ConflictMarker.nodeCount=93, ConflictIdSorter.graphTime=359500, ConflictIdSorter.topsortTime=41000, ConflictIdSorter.conflictIdCount=39, ConflictIdSorter.conflictIdCycleCount=0, ConflictResolver.totalTime=2067200, ConflictResolver.conflictItemCount=78, DfDependencyCollector.collectTime=543950600, DfDependencyCollector.transformTime=3509000}
[DEBUG] org.codehaus.mojo:exec-maven-plugin:jar:1.6.0
[DEBUG]    org.apache.maven:maven-toolchain:jar:2.2.1:compile
[DEBUG]    org.apache.maven:maven-project:jar:2.2.1:compile
[DEBUG]       org.apache.maven:maven-settings:jar:2.2.1:compile
[DEBUG]       org.apache.maven:maven-profile:jar:2.2.1:compile
[DEBUG]       org.apache.maven:maven-plugin-registry:jar:2.2.1:compile
[DEBUG]       org.codehaus.plexus:plexus-interpolation:jar:1.11:compile
[DEBUG]       org.codehaus.plexus:plexus-container-default:jar:1.0-alpha-9-stable-1:compile
[DEBUG]          junit:junit:jar:4.12:test (scope managed from default) (version managed from default)
[DEBUG]             org.hamcrest:hamcrest-core:jar:1.3:test
[DEBUG]    org.apache.maven:maven-model:jar:2.2.1:compile
[DEBUG]    org.apache.maven:maven-artifact:jar:2.2.1:compile
[DEBUG]    org.apache.maven:maven-artifact-manager:jar:2.2.1:compile
[DEBUG]       org.apache.maven:maven-repository-metadata:jar:2.2.1:compile
[DEBUG]       backport-util-concurrent:backport-util-concurrent:jar:3.1:compile
[DEBUG]    org.apache.maven:maven-core:jar:2.2.1:compile
[DEBUG]       org.apache.maven:maven-plugin-parameter-documenter:jar:2.2.1:compile
[DEBUG]       org.slf4j:slf4j-jdk14:jar:1.5.6:runtime
[DEBUG]          org.slf4j:slf4j-api:jar:1.5.6:runtime
[DEBUG]       org.slf4j:jcl-over-slf4j:jar:1.5.6:runtime
[DEBUG]       org.apache.maven.reporting:maven-reporting-api:jar:2.2.1:compile
[DEBUG]          org.apache.maven.doxia:doxia-sink-api:jar:1.1:compile
[DEBUG]          org.apache.maven.doxia:doxia-logging-api:jar:1.1:compile
[DEBUG]       org.apache.maven:maven-error-diagnostics:jar:2.2.1:compile
[DEBUG]       commons-cli:commons-cli:jar:1.2:compile
[DEBUG]       org.apache.maven:maven-plugin-descriptor:jar:2.2.1:compile
[DEBUG]       org.codehaus.plexus:plexus-interactivity-api:jar:1.0-alpha-4:compile
[DEBUG]       org.apache.maven:maven-monitor:jar:2.2.1:compile
[DEBUG]       classworlds:classworlds:jar:1.1:compile
[DEBUG]       org.sonatype.plexus:plexus-sec-dispatcher:jar:1.3:compile
[DEBUG]          org.sonatype.plexus:plexus-cipher:jar:1.4:compile
[DEBUG]    org.apache.maven:maven-plugin-api:jar:2.2.1:compile
[DEBUG]    org.codehaus.plexus:plexus-utils:jar:3.0.20:compile
[DEBUG]    org.apache.commons:commons-exec:jar:1.3:compile
[DEBUG] Created new class realm plugin>org.codehaus.mojo:exec-maven-plugin:1.6.0
[DEBUG] Importing foreign packages into class realm plugin>org.codehaus.mojo:exec-maven-plugin:1.6.0
[DEBUG]   Imported:  < maven.api
[DEBUG] Populating class realm plugin>org.codehaus.mojo:exec-maven-plugin:1.6.0
[DEBUG]   Included: org.codehaus.mojo:exec-maven-plugin:jar:1.6.0
[DEBUG]   Included: org.codehaus.plexus:plexus-interpolation:jar:1.11
[DEBUG]   Included: backport-util-concurrent:backport-util-concurrent:jar:3.1
[DEBUG]   Included: org.slf4j:slf4j-jdk14:jar:1.5.6
[DEBUG]   Included: org.slf4j:jcl-over-slf4j:jar:1.5.6
[DEBUG]   Included: org.apache.maven.reporting:maven-reporting-api:jar:2.2.1
[DEBUG]   Included: org.apache.maven.doxia:doxia-sink-api:jar:1.1
[DEBUG]   Included: org.apache.maven.doxia:doxia-logging-api:jar:1.1
[DEBUG]   Included: commons-cli:commons-cli:jar:1.2
[DEBUG]   Included: org.codehaus.plexus:plexus-interactivity-api:jar:1.0-alpha-4
[DEBUG]   Included: org.sonatype.plexus:plexus-sec-dispatcher:jar:1.3
[DEBUG]   Included: org.sonatype.plexus:plexus-cipher:jar:1.4
[DEBUG]   Included: org.codehaus.plexus:plexus-utils:jar:3.0.20
[DEBUG]   Included: org.apache.commons:commons-exec:jar:1.3
[DEBUG] Loading mojo org.codehaus.mojo:exec-maven-plugin:1.6.0:java from plugin realm ClassRealm[plugin>org.codehaus.mojo:exec-maven-plugin:1.6.0, parent: java.net.URLClassLoader@6477463f]
[DEBUG] Configuring mojo execution 'org.codehaus.mojo:exec-maven-plugin:1.6.0:java:default-cli' with basic configurator -->
[DEBUG]   (f) addOutputToClasspath = true
[DEBUG]   (f) addResourcesToClasspath = false
[DEBUG]   (f) arguments = []
[DEBUG]   (f) classpathScope = test
[DEBUG]   (f) cleanupDaemonThreads = true
[DEBUG]   (f) daemonThreadJoinTimeout = 15000
[DEBUG]   (f) includePluginDependencies = false
[DEBUG]   (f) includeProjectDependencies = true
[DEBUG]   (f) keepAlive = false
[DEBUG]   (f) killAfter = -1
[DEBUG]   (f) localRepository =       id: local
      url: file:///C:/Users/hp/.m2/repository/
   layout: default
snapshots: [enabled => true, update => always]
 releases: [enabled => true, update => always]
   blocked: false

[DEBUG]   (f) mainClass = com.mediconnect.TestDB
[DEBUG]   (f) pluginDependencies = [org.codehaus.mojo:exec-maven-plugin:maven-plugin:1.6.0:, org.apache.maven:maven-toolchain:jar:2.2.1:compile, org.apache.maven:maven-project:jar:2.2.1:compile, org.apache.maven:maven-settings:jar:2.2.1:compile, org.apache.maven:maven-profile:jar:2.2.1:compile, org.apache.maven:maven-plugin-registry:jar:2.2.1:compile, org.codehaus.plexus:plexus-interpolation:jar:1.11:compile, org.codehaus.plexus:plexus-container-default:jar:1.0-alpha-9-stable-1:compile, org.apache.maven:maven-model:jar:2.2.1:compile, org.apache.maven:maven-artifact:jar:2.2.1:compile, org.apache.maven:maven-artifact-manager:jar:2.2.1:compile, org.apache.maven:maven-repository-metadata:jar:2.2.1:compile, backport-util-concurrent:backport-util-concurrent:jar:3.1:compile, org.apache.maven:maven-core:jar:2.2.1:compile, org.apache.maven:maven-plugin-parameter-documenter:jar:2.2.1:compile, org.slf4j:slf4j-jdk14:jar:1.5.6:runtime, org.slf4j:slf4j-api:jar:1.5.6:runtime, org.slf4j:jcl-over-slf4j:jar:1.5.6:runtime, org.apache.maven.reporting:maven-reporting-api:jar:2.2.1:compile, org.apache.maven.doxia:doxia-sink-api:jar:1.1:compile, org.apache.maven.doxia:doxia-logging-api:jar:1.1:compile, org.apache.maven:maven-error-diagnostics:jar:2.2.1:compile, commons-cli:commons-cli:jar:1.2:compile, org.apache.maven:maven-plugin-descriptor:jar:2.2.1:compile, org.codehaus.plexus:plexus-interactivity-api:jar:1.0-alpha-4:compile, org.apache.maven:maven-monitor:jar:2.2.1:compile, classworlds:classworlds:jar:1.1:compile, org.sonatype.plexus:plexus-sec-dispatcher:jar:1.3:compile, org.sonatype.plexus:plexus-cipher:jar:1.4:compile, org.apache.maven:maven-plugin-api:jar:2.2.1:compile, org.codehaus.plexus:plexus-utils:jar:3.0.20:compile, org.apache.commons:commons-exec:jar:1.3:compile]
[DEBUG]   (f) project = MavenProject: com.mediconnect:MediConnect:1.0-SNAPSHOT @ C:\Users\hp\Desktop\Hacker\MediConnect\pom.xml
[DEBUG]   (f) remoteRepositories = [      id: central
      url: https://repo.maven.apache.org/maven2
   layout: default
snapshots: [enabled => false, update => daily]
 releases: [enabled => true, update => daily]
   blocked: false
]
[DEBUG]   (f) skip = false
[DEBUG]   (f) stopUnresponsiveDaemonThreads = false
[DEBUG] -- end configuration --
[DEBUG] Invoking : com.mediconnect.TestDB.main()
[DEBUG] Plugin Dependencies will be excluded.
[DEBUG] Project Dependencies will be included.
[DEBUG] Collected project artifacts [jakarta.platform:jakarta.jakartaee-api:jar:10.0.0:provided, jakarta.platform:jakarta.jakartaee-web-api:jar:10.0.0:provided, jakarta.servlet:jakarta.servlet-api:jar:6.0.0:provided, jakarta.servlet.jsp:jakarta.servlet.jsp-api:jar:3.1.0:provided, jakarta.el:jakarta.el-api:jar:5.0.1:provided, jakarta.servlet.jsp.jstl:jakarta.servlet.jsp.jstl-api:jar:3.0.0:provided, jakarta.faces:jakarta.faces-api:jar:4.0.1:provided, jakarta.ws.rs:jakarta.ws.rs-api:jar:3.1.0:provided, jakarta.websocket:jakarta.websocket-api:jar:2.1.0:provided, jakarta.websocket:jakarta.websocket-client-api:jar:2.1.0:provided, jakarta.json:jakarta.json-api:jar:2.1.0:provided, jakarta.json.bind:jakarta.json.bind-api:jar:3.0.0:provided, jakarta.ejb:jakarta.ejb-api:jar:4.0.1:provided, jakarta.validation:jakarta.validation-api:jar:3.0.2:provided, jakarta.interceptor:jakarta.interceptor-api:jar:2.1.0:provided, jakarta.enterprise:jakarta.enterprise.cdi-api:jar:4.0.1:provided, jakarta.enterprise:jakarta.enterprise.lang-model:jar:4.0.1:provided, jakarta.authentication:jakarta.authentication-api:jar:3.0.0:provided, jakarta.security.enterprise:jakarta.security.enterprise-api:jar:3.0.0:provided, jakarta.jms:jakarta.jms-api:jar:3.1.0:provided, jakarta.activation:jakarta.activation-api:jar:2.1.0:runtime, jakarta.mail:jakarta.mail-api:jar:2.1.0:provided, jakarta.resource:jakarta.resource-api:jar:2.1.0:provided, jakarta.authorization:jakarta.authorization-api:jar:2.1.0:provided, jakarta.batch:jakarta.batch-api:jar:2.1.1:provided, org.glassfish:jakarta.faces:jar:4.0.7:provided, jakarta.annotation:jakarta.annotation-api:jar:2.1.0:provided, org.primefaces:primefaces:jar:jakarta:14.0.0:compile, org.hibernate.orm:hibernate-core:jar:6.4.4.Final:compile, jakarta.persistence:jakarta.persistence-api:jar:3.1.0:compile, jakarta.transaction:jakarta.transaction-api:jar:2.0.1:compile, org.jboss.logging:jboss-logging:jar:3.5.0.Final:runtime, org.hibernate.common:hibernate-commons-annotations:jar:6.0.6.Final:runtime, io.smallrye:jandex:jar:3.1.2:runtime, com.fasterxml:classmate:jar:1.5.1:runtime, net.bytebuddy:byte-buddy:jar:1.14.11:runtime, jakarta.xml.bind:jakarta.xml.bind-api:jar:4.0.0:runtime, org.glassfish.jaxb:jaxb-runtime:jar:4.0.2:runtime, org.glassfish.jaxb:jaxb-core:jar:4.0.2:runtime, org.eclipse.angus:angus-activation:jar:2.0.0:runtime, org.glassfish.jaxb:txw2:jar:4.0.2:runtime, com.sun.istack:istack-commons-runtime:jar:4.1.1:runtime, jakarta.inject:jakarta.inject-api:jar:2.0.1:runtime, org.antlr:antlr4-runtime:jar:4.13.0:runtime, org.postgresql:postgresql:jar:42.7.3:compile, org.checkerframework:checker-qual:jar:3.42.0:runtime, org.mindrot:jbcrypt:jar:0.4:compile, org.junit.jupiter:junit-jupiter-api:jar:5.11.0:test, org.opentest4j:opentest4j:jar:1.3.0:test, org.junit.platform:junit-platform-commons:jar:1.11.0:test, org.apiguardian:apiguardian-api:jar:1.1.2:test, org.junit.jupiter:junit-jupiter-engine:jar:5.11.0:test, org.junit.platform:junit-platform-engine:jar:1.11.0:test]
[DEBUG] Collected project classpath [C:\Users\hp\Desktop\Hacker\MediConnect\target\test-classes, C:\Users\hp\Desktop\Hacker\MediConnect\target\classes]
[DEBUG] Adding to classpath : file:/C:/Users/hp/Desktop/Hacker/MediConnect/target/test-classes/
[DEBUG] Adding to classpath : file:/C:/Users/hp/Desktop/Hacker/MediConnect/target/classes/
[DEBUG] Adding project dependency artifact: jakarta.jakartaee-api to classpath
[DEBUG] Adding project dependency artifact: jakarta.jakartaee-web-api to classpath
[DEBUG] Adding project dependency artifact: jakarta.servlet-api to classpath
[DEBUG] Adding project dependency artifact: jakarta.servlet.jsp-api to classpath
[DEBUG] Adding project dependency artifact: jakarta.el-api to classpath
[DEBUG] Adding project dependency artifact: jakarta.servlet.jsp.jstl-api to classpath
[DEBUG] Adding project dependency artifact: jakarta.faces-api to classpath
[DEBUG] Adding project dependency artifact: jakarta.ws.rs-api to classpath
[DEBUG] Adding project dependency artifact: jakarta.websocket-api to classpath
[DEBUG] Adding project dependency artifact: jakarta.websocket-client-api to classpath
[DEBUG] Adding project dependency artifact: jakarta.json-api to classpath
[DEBUG] Adding project dependency artifact: jakarta.json.bind-api to classpath
[DEBUG] Adding project dependency artifact: jakarta.ejb-api to classpath
[DEBUG] Adding project dependency artifact: jakarta.validation-api to classpath
[DEBUG] Adding project dependency artifact: jakarta.interceptor-api to classpath
[DEBUG] Adding project dependency artifact: jakarta.enterprise.cdi-api to classpath
[DEBUG] Adding project dependency artifact: jakarta.enterprise.lang-model to classpath
[DEBUG] Adding project dependency artifact: jakarta.authentication-api to classpath
[DEBUG] Adding project dependency artifact: jakarta.security.enterprise-api to classpath
[DEBUG] Adding project dependency artifact: jakarta.jms-api to classpath
[DEBUG] Adding project dependency artifact: jakarta.activation-api to classpath
[DEBUG] Adding project dependency artifact: jakarta.mail-api to classpath
[DEBUG] Adding project dependency artifact: jakarta.resource-api to classpath
[DEBUG] Adding project dependency artifact: jakarta.authorization-api to classpath
[DEBUG] Adding project dependency artifact: jakarta.batch-api to classpath
[DEBUG] Adding project dependency artifact: jakarta.faces to classpath
[DEBUG] Adding project dependency artifact: jakarta.annotation-api to classpath
[DEBUG] Adding project dependency artifact: primefaces to classpath
[DEBUG] Adding project dependency artifact: hibernate-core to classpath
[DEBUG] Adding project dependency artifact: jakarta.persistence-api to classpath
[DEBUG] Adding project dependency artifact: jakarta.transaction-api to classpath
[DEBUG] Adding project dependency artifact: jboss-logging to classpath
[DEBUG] Adding project dependency artifact: hibernate-commons-annotations to classpath
[DEBUG] Adding project dependency artifact: jandex to classpath
[DEBUG] Adding project dependency artifact: classmate to classpath
[DEBUG] Adding project dependency artifact: byte-buddy to classpath
[DEBUG] Adding project dependency artifact: jakarta.xml.bind-api to classpath
[DEBUG] Adding project dependency artifact: jaxb-runtime to classpath
[DEBUG] Adding project dependency artifact: jaxb-core to classpath
[DEBUG] Adding project dependency artifact: angus-activation to classpath
[DEBUG] Adding project dependency artifact: txw2 to classpath
[DEBUG] Adding project dependency artifact: istack-commons-runtime to classpath
[DEBUG] Adding project dependency artifact: jakarta.inject-api to classpath
[DEBUG] Adding project dependency artifact: antlr4-runtime to classpath
[DEBUG] Adding project dependency artifact: postgresql to classpath
[DEBUG] Adding project dependency artifact: checker-qual to classpath
[DEBUG] Adding project dependency artifact: jbcrypt to classpath
[DEBUG] Adding project dependency artifact: junit-jupiter-api to classpath
[DEBUG] Adding project dependency artifact: opentest4j to classpath
[DEBUG] Adding project dependency artifact: junit-platform-commons to classpath
[DEBUG] Adding project dependency artifact: apiguardian-api to classpath
[DEBUG] Adding project dependency artifact: junit-jupiter-engine to classpath
[DEBUG] Adding project dependency artifact: junit-platform-engine to classpath
[DEBUG] joining on thread Thread[#30,com.mediconnect.TestDB.main(),5,com.mediconnect.TestDB]
[WARNING] 
java.lang.ClassNotFoundException: com.mediconnect.TestDB
    at java.net.URLClassLoader.findClass (URLClassLoader.java:445)
    at java.lang.ClassLoader.loadClass (ClassLoader.java:595)
    at java.lang.ClassLoader.loadClass (ClassLoader.java:528)
    at org.codehaus.mojo.exec.ExecJavaMojo$1.run (ExecJavaMojo.java:270)
    at java.lang.Thread.run (Thread.java:1575)
[INFO] ------------------------------------------------------------------------
[INFO] BUILD FAILURE
[INFO] ------------------------------------------------------------------------
[INFO] Total time:  1.758 s
[INFO] Finished at: 2026-03-12T01:07:58Z
[INFO] ------------------------------------------------------------------------
[ERROR] Failed to execute goal org.codehaus.mojo:exec-maven-plugin:1.6.0:java (default-cli) on project MediConnect: An exception occured while executing the Java class. com.mediconnect.TestDB -> [Help 1]
org.apache.maven.lifecycle.LifecycleExecutionException: Failed to execute goal org.codehaus.mojo:exec-maven-plugin:1.6.0:java (default-cli) on project MediConnect: An exception occured while executing the Java class. com.mediconnect.TestDB
    at org.apache.maven.lifecycle.internal.MojoExecutor.doExecute2 (MojoExecutor.java:333)
    at org.apache.maven.lifecycle.internal.MojoExecutor.doExecute (MojoExecutor.java:316)
    at org.apache.maven.lifecycle.internal.MojoExecutor.execute (MojoExecutor.java:212)
    at org.apache.maven.lifecycle.internal.MojoExecutor.execute (MojoExecutor.java:174)
    at org.apache.maven.lifecycle.internal.MojoExecutor.access$000 (MojoExecutor.java:75)
    at org.apache.maven.lifecycle.internal.MojoExecutor$1.run (MojoExecutor.java:162)
    at org.apache.maven.plugin.DefaultMojosExecutionStrategy.execute (DefaultMojosExecutionStrategy.java:39)
    at org.apache.maven.lifecycle.internal.MojoExecutor.execute (MojoExecutor.java:159)
    at org.apache.maven.lifecycle.internal.LifecycleModuleBuilder.buildProject (LifecycleModuleBuilder.java:105)
    at org.apache.maven.lifecycle.internal.LifecycleModuleBuilder.buildProject (LifecycleModuleBuilder.java:73)
    at org.apache.maven.lifecycle.internal.builder.singlethreaded.SingleThreadedBuilder.build (SingleThreadedBuilder.java:53)
    at org.apache.maven.lifecycle.internal.LifecycleStarter.execute (LifecycleStarter.java:118)
    at org.apache.maven.DefaultMaven.doExecute (DefaultMaven.java:261)
    at org.apache.maven.DefaultMaven.doExecute (DefaultMaven.java:173)
    at org.apache.maven.DefaultMaven.execute (DefaultMaven.java:101)
    at org.apache.maven.cli.MavenCli.execute (MavenCli.java:906)
    at org.apache.maven.cli.MavenCli.doMain (MavenCli.java:283)
    at org.apache.maven.cli.MavenCli.main (MavenCli.java:206)
    at jdk.internal.reflect.DirectMethodHandleAccessor.invoke (DirectMethodHandleAccessor.java:103)
    at java.lang.reflect.Method.invoke (Method.java:580)
    at org.codehaus.plexus.classworlds.launcher.Launcher.launchEnhanced (Launcher.java:283)
    at org.codehaus.plexus.classworlds.launcher.Launcher.launch (Launcher.java:226)
    at org.codehaus.plexus.classworlds.launcher.Launcher.mainWithExitCode (Launcher.java:407)
    at org.codehaus.plexus.classworlds.launcher.Launcher.main (Launcher.java:348)
    at jdk.internal.reflect.DirectMethodHandleAccessor.invoke (DirectMethodHandleAccessor.java:103)
    at java.lang.reflect.Method.invoke (Method.java:580)
    at org.apache.maven.wrapper.BootstrapMainStarter.start (BootstrapMainStarter.java:47)
    at org.apache.maven.wrapper.WrapperExecutor.execute (WrapperExecutor.java:156)
    at org.apache.maven.wrapper.MavenWrapperMain.main (MavenWrapperMain.java:72)
Caused by: org.apache.maven.plugin.MojoExecutionException: An exception occured while executing the Java class. com.mediconnect.TestDB
    at org.codehaus.mojo.exec.ExecJavaMojo.execute (ExecJavaMojo.java:339)
    at org.apache.maven.plugin.DefaultBuildPluginManager.executeMojo (DefaultBuildPluginManager.java:126)
    at org.apache.maven.lifecycle.internal.MojoExecutor.doExecute2 (MojoExecutor.java:328)
    at org.apache.maven.lifecycle.internal.MojoExecutor.doExecute (MojoExecutor.java:316)
    at org.apache.maven.lifecycle.internal.MojoExecutor.execute (MojoExecutor.java:212)
    at org.apache.maven.lifecycle.internal.MojoExecutor.execute (MojoExecutor.java:174)
    at org.apache.maven.lifecycle.internal.MojoExecutor.access$000 (MojoExecutor.java:75)
    at org.apache.maven.lifecycle.internal.MojoExecutor$1.run (MojoExecutor.java:162)
    at org.apache.maven.plugin.DefaultMojosExecutionStrategy.execute (DefaultMojosExecutionStrategy.java:39)
    at org.apache.maven.lifecycle.internal.MojoExecutor.execute (MojoExecutor.java:159)
    at org.apache.maven.lifecycle.internal.LifecycleModuleBuilder.buildProject (LifecycleModuleBuilder.java:105)
    at org.apache.maven.lifecycle.internal.LifecycleModuleBuilder.buildProject (LifecycleModuleBuilder.java:73)
    at org.apache.maven.lifecycle.internal.builder.singlethreaded.SingleThreadedBuilder.build (SingleThreadedBuilder.java:53)
    at org.apache.maven.lifecycle.internal.LifecycleStarter.execute (LifecycleStarter.java:118)
    at org.apache.maven.DefaultMaven.doExecute (DefaultMaven.java:261)
    at org.apache.maven.DefaultMaven.doExecute (DefaultMaven.java:173)
    at org.apache.maven.DefaultMaven.execute (DefaultMaven.java:101)
    at org.apache.maven.cli.MavenCli.execute (MavenCli.java:906)
    at org.apache.maven.cli.MavenCli.doMain (MavenCli.java:283)
    at org.apache.maven.cli.MavenCli.main (MavenCli.java:206)
    at jdk.internal.reflect.DirectMethodHandleAccessor.invoke (DirectMethodHandleAccessor.java:103)
    at java.lang.reflect.Method.invoke (Method.java:580)
    at org.codehaus.plexus.classworlds.launcher.Launcher.launchEnhanced (Launcher.java:283)
    at org.codehaus.plexus.classworlds.launcher.Launcher.launch (Launcher.java:226)
    at org.codehaus.plexus.classworlds.launcher.Launcher.mainWithExitCode (Launcher.java:407)
    at org.codehaus.plexus.classworlds.launcher.Launcher.main (Launcher.java:348)
    at jdk.internal.reflect.DirectMethodHandleAccessor.invoke (DirectMethodHandleAccessor.java:103)
    at java.lang.reflect.Method.invoke (Method.java:580)
    at org.apache.maven.wrapper.BootstrapMainStarter.start (BootstrapMainStarter.java:47)
    at org.apache.maven.wrapper.WrapperExecutor.execute (WrapperExecutor.java:156)
    at org.apache.maven.wrapper.MavenWrapperMain.main (MavenWrapperMain.java:72)
Caused by: java.lang.ClassNotFoundException: com.mediconnect.TestDB
    at java.net.URLClassLoader.findClass (URLClassLoader.java:445)
    at java.lang.ClassLoader.loadClass (ClassLoader.java:595)
    at java.lang.ClassLoader.loadClass (ClassLoader.java:528)
    at org.codehaus.mojo.exec.ExecJavaMojo$1.run (ExecJavaMojo.java:270)
    at java.lang.Thread.run (Thread.java:1575)
[ERROR] 
[ERROR] 
[ERROR] For more information about the errors and possible solutions, please read the following articles:
[ERROR] [Help 1] http://cwiki.apache.org/confluence/display/MAVEN/MojoExecutionException
[DEBUG] Shutting down adapter factory; available factories [file-lock, rwlock-local, semaphore-local, noop]; available name mappers [discriminating, file-gav, file-hgav, file-static, gav, static]
[DEBUG] Shutting down 'file-lock' factory
[DEBUG] Shutting down 'rwlock-local' factory
[DEBUG] Shutting down 'semaphore-local' factory
[DEBUG] Shutting down 'noop' factory
